<?xml version="1.0" encoding="UTF-8"?>
<!-- Generated by org.testng.reporters.JUnitXMLReporter -->
<testsuite hostname="LAPTOP-28J8ISPE" name="t1" tests="60" failures="0" timestamp="13 Dec 2017 06:44:47 GMT" time="2225.578" errors="0">
  <testcase name="LoginSuccess" time="6.504" classname="com.edu.login.LoginRightTest"/>
  <testcase name="WrongPassword" time="5.49" classname="com.edu.login.LoginWrongPasswordTest"/>
  <testcase name="WrongUsername" time="7.457" classname="com.edu.login.LoginWrongUsernameTest"/>
  <testcase name="loginBack" time="11.99" classname="com.edu.login.LoginWebtest"/>
  <testcase name="addEssay" time="18.668" classname="com.edu.article.AddArticleTest"/>
  <testcase name="addEssay" time="18.451" classname="com.edu.article.AddArticleTest"/>
  <testcase name="addEssay" time="18.823" classname="com.edu.article.AddArticleTest"/>
  <testcase name="previewEssay" time="10.222" classname="com.edu.article.PreviewArticleTest"/>
  <testcase name="ChooseSkip" time="8.859" classname="com.edu.article.EditArticleTest"/>
  <testcase name="CancelSkip" time="8.886" classname="com.edu.article.EditArticleTest"/>
  <testcase name="turnForum" time="17.994" classname="com.edu.article.TurnForumTest"/>
  <testcase name="deleteEssay" time="9.787" classname="com.edu.article.DeleteArticleTest"/>
  <testcase name="addSinglePage" time="23.711" classname="com.edu.singlepage.AddTest"/>
  <testcase name="addSinglePage" time="23.859" classname="com.edu.singlepage.AddTest"/>
  <testcase name="addCategory" time="41.839" classname="com.edu.blog.AddCategoryTest"/>
  <testcase name="addChildCategory" time="36.099" classname="com.edu.blog.AddCategoryTest"/>
  <testcase name="addBlog" time="54.383" classname="com.edu.blog.AddBlogTest"/>
  <testcase name="addBlog" time="51.377" classname="com.edu.blog.AddBlogTest"/>
  <testcase name="addBlog" time="52.137" classname="com.edu.blog.AddBlogTest"/>
  <testcase name="delCategory" time="47.098" classname="com.edu.blog.DelChildCategoryTest"/>
  <testcase name="delCategory" time="46.292" classname="com.edu.blog.DelCategoryTest"/>
  <testcase name="addHandbook" time="46.247" classname="com.edu.handbook.AddHandbookTest"/>
  <testcase name="addHandbook" time="43.561" classname="com.edu.handbook.AddHandbookTest"/>
  <testcase name="addHandbook" time="43.536" classname="com.edu.handbook.AddHandbookTest"/>
  <testcase name="addChapter" time="58.288" classname="com.edu.handbook.AddChapterTest"/>
  <testcase name="changeSettings" time="38.436" classname="com.edu.handbook.ChangeSettingsTest"/>
  <testcase name="previewHandbook" time="28.751" classname="com.edu.handbook.PreviewHandbookTest"/>
  <testcase name="checkAll" time="20.745" classname="com.edu.memberlist.SelectMemberTest"/>
  <testcase name="inverse" time="9.126" classname="com.edu.memberlist.SelectMemberTest"/>
  <testcase name="rewardPoints" time="45.398" classname="com.edu.memberlist.PointsTest"/>
  <testcase name="takeOutPoints" time="33.423" classname="com.edu.memberlist.PointsTest"/>
  <testcase name="adminPower" time="48.197" classname="com.edu.memberlist.MemberAuthorityTest"/>
  <testcase name="superPower" time="30.911" classname="com.edu.memberlist.MemberAuthorityTest"/>
  <testcase name="noPower" time="30.907" classname="com.edu.memberlist.MemberAuthorityTest"/>
  <testcase name="forbidUser" time="38.355" classname="com.edu.memberlist.ForbidUserTest"/>
  <testcase name="liftBan" time="14.14" classname="com.edu.memberlist.ForbidUserTest"/>
  <testcase name="delUser" time="43.726" classname="com.edu.memberlist.DeleteUserTest"/>
  <testcase name="reply" time="37.264" classname="com.edu.memberfeedback.ReplyTest"/>
  <testcase name="bold" time="34.049" classname="com.edu.memberfeedback.BoldTest"/>
  <testcase name="pass" time="28.512" classname="com.edu.memberfeedback.PassFeedbackTest"/>
  <testcase name="passBefore" time="21.971" classname="com.edu.memberfeedback.PassFeedbackTest"/>
  <testcase name="addFeedback" time="30.48" classname="com.edu.memberfeedback.DeleteFeedbackTest"/>
  <testcase name="addFeedback" time="28.656" classname="com.edu.memberfeedback.DeleteFeedbackTest"/>
  <testcase name="addFeedback" time="28.509" classname="com.edu.memberfeedback.DeleteFeedbackTest"/>
  <testcase name="delThis" time="33.641" classname="com.edu.memberfeedback.DeleteFeedbackTest"/>
  <testcase name="delBefore" time="21.947" classname="com.edu.memberfeedback.DeleteFeedbackTest"/>
  <testcase name="delPass" time="27.936" classname="com.edu.memberfeedback.DeleteFeedbackTest"/>
  <testcase name="hideTopic" time="35.7" classname="com.edu.memberforum.HideTopicTest"/>
  <testcase name="displayTopic" time="35.669" classname="com.edu.memberforum.DisplayTopicTest"/>
  <testcase name="deleteTopic" time="40.969" classname="com.edu.memberforum.DeleteTopicTest"/>
  <testcase name="deleteTopic" time="37.746" classname="com.edu.memberforum.DeleteTopicTest"/>
  <testcase name="deleteTopic" time="37.637" classname="com.edu.memberforum.DeleteTopicTest"/>
  <testcase name="forbidTopic" time="39.867" classname="com.edu.memberforum.ForbidTopicTest"/>
  <testcase name="cancelDelete" time="41.06" classname="com.edu.memberforum.CancelDeleteTest"/>
  <testcase name="addBoard" time="36.424" classname="com.edu.memberforum.AddBoardTest"/>
  <testcase name="addChildBoard" time="16.656" classname="com.edu.memberforum.AddBoardTest"/>
  <testcase name="delChild" time="25.943" classname="com.edu.memberforum.AddBoardTest"/>
  <testcase name="delBoard" time="13.578" classname="com.edu.memberforum.AddBoardTest"/>
  <testcase name="openReview" time="35.683" classname="com.edu.memberforum.OpenReviewTest"/>
  <testcase name="closeReview" time="32.91" classname="com.edu.memberforum.OpenReviewTest"/>
</testsuite> <!-- t1 -->
